  based_on.c
D:\OneDrive - 영남대학교\대학교\2021학년도 1학기\프로그래밍 언어\2\21812158_김주환_Lab02-2+\21812158_김주환_Lab02-2+\based_on.c(18,3): warning C4996: 'scanf': This function or variable may be unsafe. Consider using scanf_s instead. To disable deprecation, use _CRT_SECURE_NO_WARNINGS. See online help for details.
D:\OneDrive - 영남대학교\대학교\2021학년도 1학기\프로그래밍 언어\2\21812158_김주환_Lab02-2+\21812158_김주환_Lab02-2+\based_on.c(44,24): warning C4307: '+': 부호 있는 정수 계열 상수 오버플로입니다.
D:\OneDrive - 영남대학교\대학교\2021학년도 1학기\프로그래밍 언어\2\21812158_김주환_Lab02-2+\21812158_김주환_Lab02-2+\based_on.c(48,24): warning C4307: '-': 부호 있는 정수 계열 상수 오버플로입니다.
D:\OneDrive - 영남대학교\대학교\2021학년도 1학기\프로그래밍 언어\2\21812158_김주환_Lab02-2+\21812158_김주환_Lab02-2+\based_on.c(57,79): warning C4474: 'printf' : 서식 문자열에 전달된 인수가 너무 많습니다.
D:\OneDrive - 영남대학교\대학교\2021학년도 1학기\프로그래밍 언어\2\21812158_김주환_Lab02-2+\21812158_김주환_Lab02-2+\based_on.c(57,79): message : 자리 표시자 및 해당 매개 변수에는 variadic 인수가 3개 필요하지만 4개가 제공되었습니다.
D:\OneDrive - 영남대학교\대학교\2021학년도 1학기\프로그래밍 언어\2\21812158_김주환_Lab02-2+\21812158_김주환_Lab02-2+\based_on.c(62,79): warning C4474: 'printf' : 서식 문자열에 전달된 인수가 너무 많습니다.
D:\OneDrive - 영남대학교\대학교\2021학년도 1학기\프로그래밍 언어\2\21812158_김주환_Lab02-2+\21812158_김주환_Lab02-2+\based_on.c(62,79): message : 자리 표시자 및 해당 매개 변수에는 variadic 인수가 3개 필요하지만 4개가 제공되었습니다.
D:\OneDrive - 영남대학교\대학교\2021학년도 1학기\프로그래밍 언어\2\21812158_김주환_Lab02-2+\21812158_김주환_Lab02-2+\based_on.c(103,9): warning C4476: 'printf' : 서식 지정자에 알 수 없는 형식 필드 문자 '%'이(가) 있습니다.
D:\OneDrive - 영남대학교\대학교\2021학년도 1학기\프로그래밍 언어\2\21812158_김주환_Lab02-2+\21812158_김주환_Lab02-2+\based_on.c(103,71): warning C4474: 'printf' : 서식 문자열에 전달된 인수가 너무 많습니다.
D:\OneDrive - 영남대학교\대학교\2021학년도 1학기\프로그래밍 언어\2\21812158_김주환_Lab02-2+\21812158_김주환_Lab02-2+\based_on.c(103,71): message : 자리 표시자 및 해당 매개 변수에는 variadic 인수가 2개 필요하지만 3개가 제공되었습니다.
D:\OneDrive - 영남대학교\대학교\2021학년도 1학기\프로그래밍 언어\2\21812158_김주환_Lab02-2+\21812158_김주환_Lab02-2+\based_on.c(105,9): warning C4778: 'printf' : 서식 문자열 '% '이(가) 종결되지 않았습니다.
D:\OneDrive - 영남대학교\대학교\2021학년도 1학기\프로그래밍 언어\2\21812158_김주환_Lab02-2+\21812158_김주환_Lab02-2+\based_on.c(56,2): warning C4996: 'scanf': This function or variable may be unsafe. Consider using scanf_s instead. To disable deprecation, use _CRT_SECURE_NO_WARNINGS. See online help for details.
D:\OneDrive - 영남대학교\대학교\2021학년도 1학기\프로그래밍 언어\2\21812158_김주환_Lab02-2+\21812158_김주환_Lab02-2+\based_on.c(61,2): warning C4996: 'scanf': This function or variable may be unsafe. Consider using scanf_s instead. To disable deprecation, use _CRT_SECURE_NO_WARNINGS. See online help for details.
D:\OneDrive - 영남대학교\대학교\2021학년도 1학기\프로그래밍 언어\2\21812158_김주환_Lab02-2+\21812158_김주환_Lab02-2+\based_on.c(118,79): warning C4474: 'printf' : 서식 문자열에 전달된 인수가 너무 많습니다.
D:\OneDrive - 영남대학교\대학교\2021학년도 1학기\프로그래밍 언어\2\21812158_김주환_Lab02-2+\21812158_김주환_Lab02-2+\based_on.c(118,79): message : 자리 표시자 및 해당 매개 변수에는 variadic 인수가 3개 필요하지만 4개가 제공되었습니다.
D:\OneDrive - 영남대학교\대학교\2021학년도 1학기\프로그래밍 언어\2\21812158_김주환_Lab02-2+\21812158_김주환_Lab02-2+\based_on.c(123,79): warning C4474: 'printf' : 서식 문자열에 전달된 인수가 너무 많습니다.
D:\OneDrive - 영남대학교\대학교\2021학년도 1학기\프로그래밍 언어\2\21812158_김주환_Lab02-2+\21812158_김주환_Lab02-2+\based_on.c(123,79): message : 자리 표시자 및 해당 매개 변수에는 variadic 인수가 3개 필요하지만 4개가 제공되었습니다.
D:\OneDrive - 영남대학교\대학교\2021학년도 1학기\프로그래밍 언어\2\21812158_김주환_Lab02-2+\21812158_김주환_Lab02-2+\based_on.c(117,2): warning C4996: 'scanf': This function or variable may be unsafe. Consider using scanf_s instead. To disable deprecation, use _CRT_SECURE_NO_WARNINGS. See online help for details.
D:\OneDrive - 영남대학교\대학교\2021학년도 1학기\프로그래밍 언어\2\21812158_김주환_Lab02-2+\21812158_김주환_Lab02-2+\based_on.c(122,2): warning C4996: 'scanf': This function or variable may be unsafe. Consider using scanf_s instead. To disable deprecation, use _CRT_SECURE_NO_WARNINGS. See online help for details.
D:\OneDrive - 영남대학교\대학교\2021학년도 1학기\프로그래밍 언어\2\21812158_김주환_Lab02-2+\21812158_김주환_Lab02-2+\based_on.c(173,25): warning C4028: 정식 매개 변수 1이(가) 선언과 다릅니다.
  21812158_김주환_Lab02-2+.vcxproj -> D:\OneDrive - 영남대학교\대학교\2021학년도 1학기\프로그래밍 언어\2\21812158_김주환_Lab02-2+\Debug\21812158_김주환_Lab02-2+.exe
