  ConsoleDisplay.cpp
  Event.cpp
D:\OneDrive - 영남대학교\대학교\2021학년도 1학기\프로그래밍 언어\12\21812158_김주환_Lab12\21812158_김주환_Lab12\Event.cpp(10,7): warning C4101: 'str_pri' :참조되지 않은 지역 변수입니다.
D:\OneDrive - 영남대학교\대학교\2021학년도 1학기\프로그래밍 언어\12\21812158_김주환_Lab12\21812158_김주환_Lab12\Event.cpp(32,7): warning C4101: 'str_pri' :참조되지 않은 지역 변수입니다.
  main.cpp
D:\OneDrive - 영남대학교\대학교\2021학년도 1학기\프로그래밍 언어\12\21812158_김주환_Lab12\21812158_김주환_Lab12\main.cpp(19,13): warning C4326: 'main'의 반환 형식이 'int'이어야 하는데 'void'입니다.
D:\OneDrive - 영남대학교\대학교\2021학년도 1학기\프로그래밍 언어\12\21812158_김주환_Lab12\21812158_김주환_Lab12\main.cpp(26,9): warning C4101: 'hThrd_EventGenerator' :참조되지 않은 지역 변수입니다.
D:\OneDrive - 영남대학교\대학교\2021학년도 1학기\프로그래밍 언어\12\21812158_김주환_Lab12\21812158_김주환_Lab12\main.cpp(23,6): warning C4101: 'ev_handler' :참조되지 않은 지역 변수입니다.
D:\OneDrive - 영남대학교\대학교\2021학년도 1학기\프로그래밍 언어\12\21812158_김주환_Lab12\21812158_김주환_Lab12\main.cpp(26,31): warning C4101: 'hThrd_EventHandler' :참조되지 않은 지역 변수입니다.
D:\OneDrive - 영남대학교\대학교\2021학년도 1학기\프로그래밍 언어\12\21812158_김주환_Lab12\21812158_김주환_Lab12\main.cpp(23,18): warning C4101: 'eventPriority' :참조되지 않은 지역 변수입니다.
  PriorityQueue_Event.cpp
D:\OneDrive - 영남대학교\대학교\2021학년도 1학기\프로그래밍 언어\12\21812158_김주환_Lab12\21812158_김주환_Lab12\PriorityQueue_Event.cpp(41,11): warning C4566: 유니버설 문자 이름 '\u20A9'(으)로 표현되는 문자는 현재 코드 페이지(949)에서 표현할 수 없습니다.
D:\OneDrive - 영남대학교\대학교\2021학년도 1학기\프로그래밍 언어\12\21812158_김주환_Lab12\21812158_김주환_Lab12\PriorityQueue_Event.cpp(72,14): warning C4101: 'ev' :참조되지 않은 지역 변수입니다.
D:\OneDrive - 영남대학교\대학교\2021학년도 1학기\프로그래밍 언어\12\21812158_김주환_Lab12\21812158_김주환_Lab12\PriorityQueue_Event.cpp(121,31): warning C4474: 'printf' : 서식 문자열에 전달된 인수가 너무 많습니다.
D:\OneDrive - 영남대학교\대학교\2021학년도 1학기\프로그래밍 언어\12\21812158_김주환_Lab12\21812158_김주환_Lab12\PriorityQueue_Event.cpp(121,31): message : 자리 표시자 및 해당 매개 변수에는 variadic 인수가 0개 필요하지만 1개가 제공되었습니다.
  Thread.cpp
D:\OneDrive - 영남대학교\대학교\2021학년도 1학기\프로그래밍 언어\12\21812158_김주환_Lab12\21812158_김주환_Lab12\Thread.cpp(18,12): warning C4244: '인수': 'time_t'에서 'unsigned int'(으)로 변환하면서 데이터가 손실될 수 있습니다.
D:\OneDrive - 영남대학교\대학교\2021학년도 1학기\프로그래밍 언어\12\21812158_김주환_Lab12\21812158_김주환_Lab12\Thread.cpp(58,12): warning C4244: '인수': 'time_t'에서 'unsigned int'(으)로 변환하면서 데이터가 손실될 수 있습니다.
D:\OneDrive - 영남대학교\대학교\2021학년도 1학기\프로그래밍 언어\12\21812158_김주환_Lab12\21812158_김주환_Lab12\Thread.cpp(51,16): warning C4101: 'pEvProc' :참조되지 않은 지역 변수입니다.
  코드를 생성하고 있습니다...
D:\OneDrive - 영남대학교\대학교\2021학년도 1학기\프로그래밍 언어\12\21812158_김주환_Lab12\21812158_김주환_Lab12\ConsoleDisplay.cpp(21): warning C4715: 'gotoxy': 모든 제어 경로에서 값을 반환하지는 않습니다.
  21812158_김주환_Lab12.vcxproj -> D:\OneDrive - 영남대학교\대학교\2021학년도 1학기\프로그래밍 언어\12\21812158_김주환_Lab12\x64\Debug\21812158_김주환_Lab12.exe
